<?xml version="1.0" encoding="UTF-8"?>
<testng-results ignored="0" total="17" passed="17" failed="0" skipped="0">
  <reporter-output>
  </reporter-output>
  <suite started-at="2024-11-22T16:06:38 IST" name="Default suite" finished-at="2024-11-22T16:11:17 IST" duration-ms="278876">
    <groups>
    </groups>
    <test started-at="2024-11-22T16:06:38 IST" name="Default test" finished-at="2024-11-22T16:11:17 IST" duration-ms="278876">
      <class name="tricentis.Tricentis_Testing_Fields">
        <test-method is-config="true" signature="setup()[pri:0, instance:tricentis.Tricentis_Testing_Fields@67c27493]" started-at="2024-11-22T16:06:38 IST" name="setup" finished-at="2024-11-22T16:06:49 IST" duration-ms="11046" status="PASS">
          <reporter-output>
          </reporter-output>
        </test-method> <!-- setup -->
        <test-method signature="Test1()[pri:1, instance:tricentis.Tricentis_Testing_Fields@67c27493]" started-at="2024-11-22T16:06:49 IST" name="Test1" finished-at="2024-11-22T16:06:59 IST" duration-ms="10366" status="PASS">
          <reporter-output>
          </reporter-output>
        </test-method> <!-- Test1 -->
        <test-method signature="Test2()[pri:2, instance:tricentis.Tricentis_Testing_Fields@67c27493]" started-at="2024-11-22T16:07:00 IST" name="Test2" finished-at="2024-11-22T16:07:20 IST" duration-ms="20244" status="PASS">
          <reporter-output>
          </reporter-output>
        </test-method> <!-- Test2 -->
        <test-method signature="Test3()[pri:3, instance:tricentis.Tricentis_Testing_Fields@67c27493]" started-at="2024-11-22T16:07:20 IST" name="Test3" finished-at="2024-11-22T16:07:40 IST" duration-ms="20244" status="PASS">
          <reporter-output>
          </reporter-output>
        </test-method> <!-- Test3 -->
        <test-method signature="Test4()[pri:4, instance:tricentis.Tricentis_Testing_Fields@67c27493]" started-at="2024-11-22T16:07:40 IST" name="Test4" finished-at="2024-11-22T16:07:54 IST" duration-ms="14018" status="PASS">
          <reporter-output>
          </reporter-output>
        </test-method> <!-- Test4 -->
        <test-method signature="Test5()[pri:5, instance:tricentis.Tricentis_Testing_Fields@67c27493]" started-at="2024-11-22T16:07:54 IST" name="Test5" finished-at="2024-11-22T16:08:08 IST" duration-ms="13812" status="PASS">
          <reporter-output>
          </reporter-output>
        </test-method> <!-- Test5 -->
        <test-method signature="Test6()[pri:6, instance:tricentis.Tricentis_Testing_Fields@67c27493]" started-at="2024-11-22T16:08:08 IST" name="Test6" finished-at="2024-11-22T16:08:19 IST" duration-ms="11046" status="PASS">
          <reporter-output>
          </reporter-output>
        </test-method> <!-- Test6 -->
        <test-method signature="Test7()[pri:7, instance:tricentis.Tricentis_Testing_Fields@67c27493]" started-at="2024-11-22T16:08:19 IST" name="Test7" finished-at="2024-11-22T16:08:30 IST" duration-ms="11140" status="PASS">
          <reporter-output>
          </reporter-output>
        </test-method> <!-- Test7 -->
        <test-method signature="Test8()[pri:8, instance:tricentis.Tricentis_Testing_Fields@67c27493]" started-at="2024-11-22T16:08:30 IST" name="Test8" finished-at="2024-11-22T16:08:51 IST" duration-ms="20560" status="PASS">
          <reporter-output>
          </reporter-output>
        </test-method> <!-- Test8 -->
        <test-method signature="Test9()[pri:9, instance:tricentis.Tricentis_Testing_Fields@67c27493]" started-at="2024-11-22T16:08:51 IST" name="Test9" finished-at="2024-11-22T16:09:13 IST" duration-ms="22581" status="PASS">
          <reporter-output>
          </reporter-output>
        </test-method> <!-- Test9 -->
        <test-method signature="Test10()[pri:10, instance:tricentis.Tricentis_Testing_Fields@67c27493]" started-at="2024-11-22T16:09:13 IST" name="Test10" finished-at="2024-11-22T16:09:34 IST" duration-ms="20800" status="PASS">
          <reporter-output>
          </reporter-output>
        </test-method> <!-- Test10 -->
        <test-method signature="Test11()[pri:11, instance:tricentis.Tricentis_Testing_Fields@67c27493]" started-at="2024-11-22T16:09:34 IST" name="Test11" finished-at="2024-11-22T16:09:54 IST" duration-ms="19661" status="PASS">
          <reporter-output>
          </reporter-output>
        </test-method> <!-- Test11 -->
        <test-method signature="Test12()[pri:12, instance:tricentis.Tricentis_Testing_Fields@67c27493]" started-at="2024-11-22T16:09:54 IST" name="Test12" finished-at="2024-11-22T16:10:08 IST" duration-ms="13951" status="PASS">
          <reporter-output>
          </reporter-output>
        </test-method> <!-- Test12 -->
        <test-method signature="Test13()[pri:13, instance:tricentis.Tricentis_Testing_Fields@67c27493]" started-at="2024-11-22T16:10:08 IST" name="Test13" finished-at="2024-11-22T16:10:22 IST" duration-ms="14250" status="PASS">
          <reporter-output>
          </reporter-output>
        </test-method> <!-- Test13 -->
        <test-method signature="Test14()[pri:14, instance:tricentis.Tricentis_Testing_Fields@67c27493]" started-at="2024-11-22T16:10:22 IST" name="Test14" finished-at="2024-11-22T16:10:36 IST" duration-ms="14542" status="PASS">
          <reporter-output>
          </reporter-output>
        </test-method> <!-- Test14 -->
        <test-method signature="Test15()[pri:15, instance:tricentis.Tricentis_Testing_Fields@67c27493]" started-at="2024-11-22T16:10:36 IST" name="Test15" finished-at="2024-11-22T16:10:51 IST" duration-ms="14452" status="PASS">
          <reporter-output>
          </reporter-output>
        </test-method> <!-- Test15 -->
        <test-method signature="Test16()[pri:16, instance:tricentis.Tricentis_Testing_Fields@67c27493]" started-at="2024-11-22T16:10:51 IST" name="Test16" finished-at="2024-11-22T16:11:05 IST" duration-ms="14071" status="PASS">
          <reporter-output>
          </reporter-output>
        </test-method> <!-- Test16 -->
        <test-method signature="Test17()[pri:17, instance:tricentis.Tricentis_Testing_Fields@67c27493]" started-at="2024-11-22T16:11:05 IST" name="Test17" finished-at="2024-11-22T16:11:17 IST" duration-ms="11954" status="PASS">
          <reporter-output>
          </reporter-output>
        </test-method> <!-- Test17 -->
      </class> <!-- tricentis.Tricentis_Testing_Fields -->
    </test> <!-- Default test -->
  </suite> <!-- Default suite -->
</testng-results>
