<?xml version="1.0" encoding="UTF-8"?>
<!-- Generated by org.testng.reporters.JUnitXMLReporter -->
<testsuite ignored="0" hostname="DESKTOP-74HPJAG" failures="0" tests="17" name="Default test" time="278.876" errors="0" timestamp="2024-11-22T16:11:17 IST">
  <testcase classname="tricentis.Tricentis_Testing_Fields" name="Test1" time="10.366"/>
  <testcase classname="tricentis.Tricentis_Testing_Fields" name="Test2" time="20.244"/>
  <testcase classname="tricentis.Tricentis_Testing_Fields" name="Test3" time="20.244"/>
  <testcase classname="tricentis.Tricentis_Testing_Fields" name="Test4" time="14.018"/>
  <testcase classname="tricentis.Tricentis_Testing_Fields" name="Test5" time="13.812"/>
  <testcase classname="tricentis.Tricentis_Testing_Fields" name="Test6" time="11.046"/>
  <testcase classname="tricentis.Tricentis_Testing_Fields" name="Test7" time="11.14"/>
  <testcase classname="tricentis.Tricentis_Testing_Fields" name="Test8" time="20.56"/>
  <testcase classname="tricentis.Tricentis_Testing_Fields" name="Test9" time="22.581"/>
  <testcase classname="tricentis.Tricentis_Testing_Fields" name="Test10" time="20.8"/>
  <testcase classname="tricentis.Tricentis_Testing_Fields" name="Test11" time="19.661"/>
  <testcase classname="tricentis.Tricentis_Testing_Fields" name="Test12" time="13.951"/>
  <testcase classname="tricentis.Tricentis_Testing_Fields" name="Test13" time="14.25"/>
  <testcase classname="tricentis.Tricentis_Testing_Fields" name="Test14" time="14.542"/>
  <testcase classname="tricentis.Tricentis_Testing_Fields" name="Test15" time="14.452"/>
  <testcase classname="tricentis.Tricentis_Testing_Fields" name="Test16" time="14.071"/>
  <testcase classname="tricentis.Tricentis_Testing_Fields" name="Test17" time="11.954"/>
</testsuite> <!-- Default test -->
